# JRE version: Java(TM) SE Runtime Environment (8.0_25-b18) (build 1.8.0_25-b18)
# Java VM: Java HotSpot(TM) 64-Bit Server VM (25.25-b02 mixed mode windows-amd64 compressed oops)
Heap:
 PSYoungGen      total 1389056K, used 288K [0x000000076af00000, 0x00000007bff00000, 0x00000007c0000000)
  eden space 1385472K, 0% used [0x000000076af00000,0x000000076af00000,0x00000007bf800000)
  from space 3584K, 8% used [0x00000007bf800000,0x00000007bf848000,0x00000007bfb80000)
  to   space 3584K, 0% used [0x00000007bfb80000,0x00000007bfb80000,0x00000007bff00000)
 ParOldGen       total 324096K, used 188861K [0x00000006c0c00000, 0x00000006d4880000, 0x000000076af00000)
  object space 324096K, 58% used [0x00000006c0c00000,0x00000006cc46f788,0x00000006d4880000)
 Metaspace       used 48230K, capacity 48750K, committed 49152K, reserved 1091584K
  class space    used 6268K, capacity 6378K, committed 6400K, reserved 1048576K
GC Heap History (10 events):
Event: 2537.998 GC heap after
Heap after GC invocations=10019 (full 4960):
 PSYoungGen      total 1389568K, used 480K [0x000000076af00000, 0x00000007c0000000, 0x00000007c0000000)
  eden space 1385472K, 0% used [0x000000076af00000,0x000000076af00000,0x00000007bf800000)
  from space 4096K, 11% used [0x00000007bf800000,0x00000007bf878000,0x00000007bfc00000)
  to   space 4096K, 0% used [0x00000007bfc00000,0x00000007bfc00000,0x00000007c0000000)
 ParOldGen       total 324096K, used 191621K [0x00000006c0c00000, 0x00000006d4880000, 0x000000076af00000)
  object space 324096K, 59% used [0x00000006c0c00000,0x00000006cc721450,0x00000006d4880000)
 Metaspace       used 48230K, capacity 48750K, committed 49152K, reserved 1091584K
  class space    used 6268K, capacity 6378K, committed 6400K, reserved 1048576K
}
Event: 2537.998 GC heap before
{Heap before GC invocations=10020 (full 4961):
 PSYoungGen      total 1389568K, used 480K [0x000000076af00000, 0x00000007c0000000, 0x00000007c0000000)
  eden space 1385472K, 0% used [0x000000076af00000,0x000000076af00000,0x00000007bf800000)
  from space 4096K, 11% used [0x00000007bf800000,0x00000007bf878000,0x00000007bfc00000)
  to   space 4096K, 0% used [0x00000007bfc00000,0x00000007bfc00000,0x00000007c0000000)
 ParOldGen       total 324096K, used 191621K [0x00000006c0c00000, 0x00000006d4880000, 0x000000076af00000)
  object space 324096K, 59% used [0x00000006c0c00000,0x00000006cc721450,0x00000006d4880000)
 Metaspace       used 48230K, capacity 48750K, committed 49152K, reserved 1091584K
  class space    used 6268K, capacity 6378K, committed 6400K, reserved 1048576K
Event: 2538.117 GC heap after
Heap after GC invocations=10020 (full 4961):
 PSYoungGen      total 1389568K, used 0K [0x000000076af00000, 0x00000007c0000000, 0x00000007c0000000)
  eden space 1385472K, 0% used [0x000000076af00000,0x000000076af00000,0x00000007bf800000)
  from space 4096K, 0% used [0x00000007bf800000,0x00000007bf800000,0x00000007bfc00000)
  to   space 4096K, 0% used [0x00000007bfc00000,0x00000007bfc00000,0x00000007c0000000)
 ParOldGen       total 324096K, used 190238K [0x00000006c0c00000, 0x00000006d4880000, 0x000000076af00000)
  object space 324096K, 58% used [0x00000006c0c00000,0x00000006cc5c7aa0,0x00000006d4880000)
 Metaspace       used 48230K, capacity 48750K, committed 49152K, reserved 1091584K
  class space    used 6268K, capacity 6378K, committed 6400K, reserved 1048576K
}
Event: 2538.496 GC heap before
{Heap before GC invocations=10021 (full 4961):
 PSYoungGen      total 1389568K, used 70923K [0x000000076af00000, 0x00000007c0000000, 0x00000007c0000000)
  eden space 1385472K, 5% used [0x000000076af00000,0x000000076f442c38,0x00000007bf800000)
  from space 4096K, 0% used [0x00000007bf800000,0x00000007bf800000,0x00000007bfc00000)
  to   space 4096K, 0% used [0x00000007bfc00000,0x00000007bfc00000,0x00000007c0000000)
 ParOldGen       total 324096K, used 190238K [0x00000006c0c00000, 0x00000006d4880000, 0x000000076af00000)
  object space 324096K, 58% used [0x00000006c0c00000,0x00000006cc5c7aa0,0x00000006d4880000)
 Metaspace       used 48230K, capacity 48750K, committed 49152K, reserved 1091584K
  class space    used 6268K, capacity 6378K, committed 6400K, reserved 1048576K
Event: 2538.500 GC heap after
Heap after GC invocations=10021 (full 4961):
 PSYoungGen      total 1388544K, used 480K [0x000000076af00000, 0x00000007bff00000, 0x00000007c0000000)
  eden space 1385472K, 0% used [0x000000076af00000,0x000000076af00000,0x00000007bf800000)
  from space 3072K, 15% used [0x00000007bfc00000,0x00000007bfc78000,0x00000007bff00000)
  to   space 3584K, 0% used [0x00000007bf800000,0x00000007bf800000,0x00000007bfb80000)
 ParOldGen       total 324096K, used 190238K [0x00000006c0c00000, 0x00000006d4880000, 0x000000076af00000)
  object space 324096K, 58% used [0x00000006c0c00000,0x00000006cc5c7aa0,0x00000006d4880000)
 Metaspace       used 48230K, capacity 48750K, committed 49152K, reserved 1091584K
  class space    used 6268K, capacity 6378K, committed 6400K, reserved 1048576K
}
Event: 2538.501 GC heap before
{Heap before GC invocations=10022 (full 4962):
 PSYoungGen      total 1388544K, used 480K [0x000000076af00000, 0x00000007bff00000, 0x00000007c0000000)
  eden space 1385472K, 0% used [0x000000076af00000,0x000000076af00000,0x00000007bf800000)
  from space 3072K, 15% used [0x00000007bfc00000,0x00000007bfc78000,0x00000007bff00000)
  to   space 3584K, 0% used [0x00000007bf800000,0x00000007bf800000,0x00000007bfb80000)
 ParOldGen       total 324096K, used 190238K [0x00000006c0c00000, 0x00000006d4880000, 0x000000076af00000)
  object space 324096K, 58% used [0x00000006c0c00000,0x00000006cc5c7aa0,0x00000006d4880000)
 Metaspace       used 48230K, capacity 48750K, committed 49152K, reserved 1091584K
  class space    used 6268K, capacity 6378K, committed 6400K, reserved 1048576K
Event: 2538.640 GC heap after
Heap after GC invocations=10022 (full 4962):
 PSYoungGen      total 1388544K, used 0K [0x000000076af00000, 0x00000007bff00000, 0x00000007c0000000)
  eden space 1385472K, 0% used [0x000000076af00000,0x000000076af00000,0x00000007bf800000)
  from space 3072K, 0% used [0x00000007bfc00000,0x00000007bfc00000,0x00000007bff00000)
  to   space 3584K, 0% used [0x00000007bf800000,0x00000007bf800000,0x00000007bfb80000)
 ParOldGen       total 324096K, used 188861K [0x00000006c0c00000, 0x00000006d4880000, 0x000000076af00000)
  object space 324096K, 58% used [0x00000006c0c00000,0x00000006cc46f788,0x00000006d4880000)
 Metaspace       used 48230K, capacity 48750K, committed 49152K, reserved 1091584K
  class space    used 6268K, capacity 6378K, committed 6400K, reserved 1048576K
}
Event: 2538.996 GC heap before
{Heap before GC invocations=10023 (full 4962):
 PSYoungGen      total 1388544K, used 70923K [0x000000076af00000, 0x00000007bff00000, 0x00000007c0000000)
  eden space 1385472K, 5% used [0x000000076af00000,0x000000076f442dd8,0x00000007bf800000)
  from space 3072K, 0% used [0x00000007bfc00000,0x00000007bfc00000,0x00000007bff00000)
  to   space 3584K, 0% used [0x00000007bf800000,0x00000007bf800000,0x00000007bfb80000)
 ParOldGen       total 324096K, used 188861K [0x00000006c0c00000, 0x00000006d4880000, 0x000000076af00000)
  object space 324096K, 58% used [0x00000006c0c00000,0x00000006cc46f788,0x00000006d4880000)
 Metaspace       used 48230K, capacity 48750K, committed 49152K, reserved 1091584K
  class space    used 6268K, capacity 6378K, committed 6400K, reserved 1048576K
Event: 2538.999 GC heap after
Heap after GC invocations=10023 (full 4962):
 PSYoungGen      total 1389056K, used 288K [0x000000076af00000, 0x00000007bff00000, 0x00000007c0000000)
  eden space 1385472K, 0% used [0x000000076af00000,0x000000076af00000,0x00000007bf800000)
  from space 3584K, 8% used [0x00000007bf800000,0x00000007bf848000,0x00000007bfb80000)
  to   space 3584K, 0% used [0x00000007bfb80000,0x00000007bfb80000,0x00000007bff00000)
 ParOldGen       total 324096K, used 188861K [0x00000006c0c00000, 0x00000006d4880000, 0x000000076af00000)
  object space 324096K, 58% used [0x00000006c0c00000,0x00000006cc46f788,0x00000006d4880000)
 Metaspace       used 48230K, capacity 48750K, committed 49152K, reserved 1091584K
  class space    used 6268K, capacity 6378K, committed 6400K, reserved 1048576K
}
Event: 2538.999 GC heap before
{Heap before GC invocations=10024 (full 4963):
 PSYoungGen      total 1389056K, used 288K [0x000000076af00000, 0x00000007bff00000, 0x00000007c0000000)
  eden space 1385472K, 0% used [0x000000076af00000,0x000000076af00000,0x00000007bf800000)
  from space 3584K, 8% used [0x00000007bf800000,0x00000007bf848000,0x00000007bfb80000)
  to   space 3584K, 0% used [0x00000007bfb80000,0x00000007bfb80000,0x00000007bff00000)
 ParOldGen       total 324096K, used 188861K [0x00000006c0c00000, 0x00000006d4880000, 0x000000076af00000)
  object space 324096K, 58% used [0x00000006c0c00000,0x00000006cc46f788,0x00000006d4880000)
 Metaspace       used 48230K, capacity 48750K, committed 49152K, reserved 1091584K
  class space    used 6268K, capacity 6378K, committed 6400K, reserved 1048576K

