# JRE version: Java(TM) SE Runtime Environment (8.0_25-b18) (build 1.8.0_25-b18)
# Java VM: Java HotSpot(TM) 64-Bit Server VM (25.25-b02 mixed mode windows-amd64 compressed oops)
Heap:
 PSYoungGen      total 1388544K, used 160K [0x000000076af00000, 0x00000007bfc00000, 0x00000007c0000000)
  eden space 1388032K, 0% used [0x000000076af00000,0x000000076af00000,0x00000007bfa80000)
  from space 512K, 31% used [0x00000007bfb80000,0x00000007bfba8000,0x00000007bfc00000)
  to   space 512K, 0% used [0x00000007bfb00000,0x00000007bfb00000,0x00000007bfb80000)
 ParOldGen       total 338944K, used 165340K [0x00000006c0c00000, 0x00000006d5700000, 0x000000076af00000)
  object space 338944K, 48% used [0x00000006c0c00000,0x00000006cad77298,0x00000006d5700000)
 Metaspace       used 43764K, capacity 44060K, committed 44672K, reserved 1087488K
  class space    used 5837K, capacity 5933K, committed 6016K, reserved 1048576K
GC Heap History (10 events):
Event: 16838.885 GC heap after
Heap after GC invocations=66854 (full 33346):
 PSYoungGen      total 1388544K, used 160K [0x000000076af00000, 0x00000007bfc00000, 0x00000007c0000000)
  eden space 1388032K, 0% used [0x000000076af00000,0x000000076af00000,0x00000007bfa80000)
  from space 512K, 31% used [0x00000007bfb80000,0x00000007bfba8000,0x00000007bfc00000)
  to   space 512K, 0% used [0x00000007bfb00000,0x00000007bfb00000,0x00000007bfb80000)
 ParOldGen       total 338944K, used 165340K [0x00000006c0c00000, 0x00000006d5700000, 0x000000076af00000)
  object space 338944K, 48% used [0x00000006c0c00000,0x00000006cad77298,0x00000006d5700000)
 Metaspace       used 43764K, capacity 44060K, committed 44672K, reserved 1087488K
  class space    used 5837K, capacity 5933K, committed 6016K, reserved 1048576K
}
Event: 16838.885 GC heap before
{Heap before GC invocations=66855 (full 33347):
 PSYoungGen      total 1388544K, used 160K [0x000000076af00000, 0x00000007bfc00000, 0x00000007c0000000)
  eden space 1388032K, 0% used [0x000000076af00000,0x000000076af00000,0x00000007bfa80000)
  from space 512K, 31% used [0x00000007bfb80000,0x00000007bfba8000,0x00000007bfc00000)
  to   space 512K, 0% used [0x00000007bfb00000,0x00000007bfb00000,0x00000007bfb80000)
 ParOldGen       total 338944K, used 165340K [0x00000006c0c00000, 0x00000006d5700000, 0x000000076af00000)
  object space 338944K, 48% used [0x00000006c0c00000,0x00000006cad77298,0x00000006d5700000)
 Metaspace       used 43764K, capacity 44060K, committed 44672K, reserved 1087488K
  class space    used 5837K, capacity 5933K, committed 6016K, reserved 1048576K
Event: 16839.006 GC heap after
Heap after GC invocations=66855 (full 33347):
 PSYoungGen      total 1388544K, used 0K [0x000000076af00000, 0x00000007bfc00000, 0x00000007c0000000)
  eden space 1388032K, 0% used [0x000000076af00000,0x000000076af00000,0x00000007bfa80000)
  from space 512K, 0% used [0x00000007bfb80000,0x00000007bfb80000,0x00000007bfc00000)
  to   space 512K, 0% used [0x00000007bfb00000,0x00000007bfb00000,0x00000007bfb80000)
 ParOldGen       total 338944K, used 165340K [0x00000006c0c00000, 0x00000006d5700000, 0x000000076af00000)
  object space 338944K, 48% used [0x00000006c0c00000,0x00000006cad77298,0x00000006d5700000)
 Metaspace       used 43764K, capacity 44060K, committed 44672K, reserved 1087488K
  class space    used 5837K, capacity 5933K, committed 6016K, reserved 1048576K
}
Event: 16839.385 GC heap before
{Heap before GC invocations=66856 (full 33347):
 PSYoungGen      total 1388544K, used 55521K [0x000000076af00000, 0x00000007bfc00000, 0x00000007c0000000)
  eden space 1388032K, 4% used [0x000000076af00000,0x000000076e538558,0x00000007bfa80000)
  from space 512K, 0% used [0x00000007bfb80000,0x00000007bfb80000,0x00000007bfc00000)
  to   space 512K, 0% used [0x00000007bfb00000,0x00000007bfb00000,0x00000007bfb80000)
 ParOldGen       total 338944K, used 165340K [0x00000006c0c00000, 0x00000006d5700000, 0x000000076af00000)
  object space 338944K, 48% used [0x00000006c0c00000,0x00000006cad77298,0x00000006d5700000)
 Metaspace       used 43764K, capacity 44060K, committed 44672K, reserved 1087488K
  class space    used 5837K, capacity 5933K, committed 6016K, reserved 1048576K
Event: 16839.386 GC heap after
Heap after GC invocations=66856 (full 33347):
 PSYoungGen      total 1388544K, used 160K [0x000000076af00000, 0x00000007bfc00000, 0x00000007c0000000)
  eden space 1388032K, 0% used [0x000000076af00000,0x000000076af00000,0x00000007bfa80000)
  from space 512K, 31% used [0x00000007bfb00000,0x00000007bfb28000,0x00000007bfb80000)
  to   space 512K, 0% used [0x00000007bfb80000,0x00000007bfb80000,0x00000007bfc00000)
 ParOldGen       total 338944K, used 165340K [0x00000006c0c00000, 0x00000006d5700000, 0x000000076af00000)
  object space 338944K, 48% used [0x00000006c0c00000,0x00000006cad77298,0x00000006d5700000)
 Metaspace       used 43764K, capacity 44060K, committed 44672K, reserved 1087488K
  class space    used 5837K, capacity 5933K, committed 6016K, reserved 1048576K
}
Event: 16839.386 GC heap before
{Heap before GC invocations=66857 (full 33348):
 PSYoungGen      total 1388544K, used 160K [0x000000076af00000, 0x00000007bfc00000, 0x00000007c0000000)
  eden space 1388032K, 0% used [0x000000076af00000,0x000000076af00000,0x00000007bfa80000)
  from space 512K, 31% used [0x00000007bfb00000,0x00000007bfb28000,0x00000007bfb80000)
  to   space 512K, 0% used [0x00000007bfb80000,0x00000007bfb80000,0x00000007bfc00000)
 ParOldGen       total 338944K, used 165340K [0x00000006c0c00000, 0x00000006d5700000, 0x000000076af00000)
  object space 338944K, 48% used [0x00000006c0c00000,0x00000006cad77298,0x00000006d5700000)
 Metaspace       used 43764K, capacity 44060K, committed 44672K, reserved 1087488K
  class space    used 5837K, capacity 5933K, committed 6016K, reserved 1048576K
Event: 16839.502 GC heap after
Heap after GC invocations=66857 (full 33348):
 PSYoungGen      total 1388544K, used 0K [0x000000076af00000, 0x00000007bfc00000, 0x00000007c0000000)
  eden space 1388032K, 0% used [0x000000076af00000,0x000000076af00000,0x00000007bfa80000)
  from space 512K, 0% used [0x00000007bfb00000,0x00000007bfb00000,0x00000007bfb80000)
  to   space 512K, 0% used [0x00000007bfb80000,0x00000007bfb80000,0x00000007bfc00000)
 ParOldGen       total 338944K, used 165340K [0x00000006c0c00000, 0x00000006d5700000, 0x000000076af00000)
  object space 338944K, 48% used [0x00000006c0c00000,0x00000006cad77298,0x00000006d5700000)
 Metaspace       used 43764K, capacity 44060K, committed 44672K, reserved 1087488K
  class space    used 5837K, capacity 5933K, committed 6016K, reserved 1048576K
}
Event: 16839.885 GC heap before
{Heap before GC invocations=66858 (full 33348):
 PSYoungGen      total 1388544K, used 61073K [0x000000076af00000, 0x00000007bfc00000, 0x00000007c0000000)
  eden space 1388032K, 4% used [0x000000076af00000,0x000000076eaa45e8,0x00000007bfa80000)
  from space 512K, 0% used [0x00000007bfb00000,0x00000007bfb00000,0x00000007bfb80000)
  to   space 512K, 0% used [0x00000007bfb80000,0x00000007bfb80000,0x00000007bfc00000)
 ParOldGen       total 338944K, used 165340K [0x00000006c0c00000, 0x00000006d5700000, 0x000000076af00000)
  object space 338944K, 48% used [0x00000006c0c00000,0x00000006cad77298,0x00000006d5700000)
 Metaspace       used 43764K, capacity 44060K, committed 44672K, reserved 1087488K
  class space    used 5837K, capacity 5933K, committed 6016K, reserved 1048576K
Event: 16839.886 GC heap after
Heap after GC invocations=66858 (full 33348):
 PSYoungGen      total 1388544K, used 160K [0x000000076af00000, 0x00000007bfc00000, 0x00000007c0000000)
  eden space 1388032K, 0% used [0x000000076af00000,0x000000076af00000,0x00000007bfa80000)
  from space 512K, 31% used [0x00000007bfb80000,0x00000007bfba8000,0x00000007bfc00000)
  to   space 512K, 0% used [0x00000007bfb00000,0x00000007bfb00000,0x00000007bfb80000)
 ParOldGen       total 338944K, used 165340K [0x00000006c0c00000, 0x00000006d5700000, 0x000000076af00000)
  object space 338944K, 48% used [0x00000006c0c00000,0x00000006cad77298,0x00000006d5700000)
 Metaspace       used 43764K, capacity 44060K, committed 44672K, reserved 1087488K
  class space    used 5837K, capacity 5933K, committed 6016K, reserved 1048576K
}
Event: 16839.886 GC heap before
{Heap before GC invocations=66859 (full 33349):
 PSYoungGen      total 1388544K, used 160K [0x000000076af00000, 0x00000007bfc00000, 0x00000007c0000000)
  eden space 1388032K, 0% used [0x000000076af00000,0x000000076af00000,0x00000007bfa80000)
  from space 512K, 31% used [0x00000007bfb80000,0x00000007bfba8000,0x00000007bfc00000)
  to   space 512K, 0% used [0x00000007bfb00000,0x00000007bfb00000,0x00000007bfb80000)
 ParOldGen       total 338944K, used 165340K [0x00000006c0c00000, 0x00000006d5700000, 0x000000076af00000)
  object space 338944K, 48% used [0x00000006c0c00000,0x00000006cad77298,0x00000006d5700000)
 Metaspace       used 43764K, capacity 44060K, committed 44672K, reserved 1087488K
  class space    used 5837K, capacity 5933K, committed 6016K, reserved 1048576K

